<?xml version="1.0" encoding="UTF-8"?>
<testng-results ignored="0" total="1" passed="1" failed="0" skipped="0">
  <reporter-output>
  </reporter-output>
  <suite started-at="2023-05-31T15:39:15 GMT-07:00" name="Testing" finished-at="2023-05-31T15:39:55 GMT-07:00" duration-ms="39536">
    <groups>
    </groups>
    <test started-at="2023-05-31T15:39:15 GMT-07:00" name="practising" finished-at="2023-05-31T15:39:55 GMT-07:00" duration-ms="39536">
      <class name="Basic.Buttons">
        <test-method signature="btn_test()[pri:0, instance:Basic.Buttons@2bfc268b]" started-at="2023-05-31T15:39:15 GMT-07:00" name="btn_test" finished-at="2023-05-31T15:39:55 GMT-07:00" duration-ms="39496" status="PASS">
          <reporter-output>
          </reporter-output>
        </test-method> <!-- btn_test -->
      </class> <!-- Basic.Buttons -->
    </test> <!-- practising -->
  </suite> <!-- Testing -->
</testng-results>
