<?xml version="1.0" encoding="UTF-8"?>
<testng-results ignored="0" total="1" passed="1" failed="0" skipped="0">
  <reporter-output>
  </reporter-output>
  <suite started-at="2023-05-26T18:31:52 IST" name="Default suite" finished-at="2023-05-26T18:31:59 IST" duration-ms="7364">
    <groups>
    </groups>
    <test started-at="2023-05-26T18:31:52 IST" name="Default test" finished-at="2023-05-26T18:31:59 IST" duration-ms="7364">
      <class name="Selenium_Codes.Launch_Google">
        <test-method signature="OpenGoogle()[pri:0, instance:Selenium_Codes.Launch_Google@534a5a98]" started-at="2023-05-26T18:31:52 IST" name="OpenGoogle" finished-at="2023-05-26T18:31:59 IST" duration-ms="7323" status="PASS">
          <reporter-output>
          </reporter-output>
        </test-method> <!-- OpenGoogle -->
      </class> <!-- Selenium_Codes.Launch_Google -->
    </test> <!-- Default test -->
  </suite> <!-- Default suite -->
</testng-results>
