<?xml version="1.0" encoding="UTF-8"?>
<testng-results ignored="0" total="1" passed="1" failed="0" skipped="0">
  <reporter-output>
  </reporter-output>
  <suite started-at="2023-05-27T02:23:14 IST" name="Default suite" finished-at="2023-05-27T02:23:33 IST" duration-ms="19165">
    <groups>
    </groups>
    <test started-at="2023-05-27T02:23:14 IST" name="Default test" finished-at="2023-05-27T02:23:33 IST" duration-ms="19165">
      <class name="Selenium_Codes.WebTable">
        <test-method signature="table_Test()[pri:0, instance:Selenium_Codes.WebTable@534a5a98]" started-at="2023-05-27T02:23:14 IST" name="table_Test" finished-at="2023-05-27T02:23:33 IST" duration-ms="19119" status="PASS">
          <reporter-output>
          </reporter-output>
        </test-method> <!-- table_Test -->
      </class> <!-- Selenium_Codes.WebTable -->
    </test> <!-- Default test -->
  </suite> <!-- Default suite -->
</testng-results>
